<?xml version="1.0" encoding="UTF-8"?>
<!-- Generated by org.testng.reporters.JUnitXMLReporter -->
<testsuite hostname="LAPTOP-C7PA48U8" ignored="0" name="web.uiautomation.ChromeTest" tests="3" failures="0" timestamp="19 Apr 2020 11:52:43 GMT" time="7.498" errors="0">
  <testcase name="GSAMPLE3" time="3.063" classname="web.uiautomation.ChromeTest"/>
  <testcase name="GSAMPLE2" time="3.099" classname="web.uiautomation.ChromeTest"/>
  <testcase name="GSAMPLE1" time="3.085" classname="web.uiautomation.ChromeTest"/>
</testsuite> <!-- web.uiautomation.ChromeTest -->
